

Started GET "/" for 127.0.0.1 at 2014-10-10 21:20:31 -0700

ActiveRecord::NoDatabaseError (FATAL:  database "simpledone_development" does not exist
Run `$ bin/rake db:create db:migrate` to create your database):
  activerecord (4.1.6) lib/active_record/connection_adapters/postgresql_adapter.rb:898:in `rescue in connect'
  activerecord (4.1.6) lib/active_record/connection_adapters/postgresql_adapter.rb:888:in `connect'
  activerecord (4.1.6) lib/active_record/connection_adapters/postgresql_adapter.rb:568:in `initialize'
  activerecord (4.1.6) lib/active_record/connection_adapters/postgresql_adapter.rb:41:in `new'
  activerecord (4.1.6) lib/active_record/connection_adapters/postgresql_adapter.rb:41:in `postgresql_connection'
  activerecord (4.1.6) lib/active_record/connection_adapters/abstract/connection_pool.rb:435:in `new_connection'
  activerecord (4.1.6) lib/active_record/connection_adapters/abstract/connection_pool.rb:445:in `checkout_new_connection'
  activerecord (4.1.6) lib/active_record/connection_adapters/abstract/connection_pool.rb:416:in `acquire_connection'
  activerecord (4.1.6) lib/active_record/connection_adapters/abstract/connection_pool.rb:351:in `block in checkout'
  /Users/svargh1/.rvm/rubies/ruby-1.9.3-p448/lib/ruby/1.9.1/monitor.rb:211:in `mon_synchronize'
  activerecord (4.1.6) lib/active_record/connection_adapters/abstract/connection_pool.rb:350:in `checkout'
  activerecord (4.1.6) lib/active_record/connection_adapters/abstract/connection_pool.rb:265:in `block in connection'
  /Users/svargh1/.rvm/rubies/ruby-1.9.3-p448/lib/ruby/1.9.1/monitor.rb:211:in `mon_synchronize'
  activerecord (4.1.6) lib/active_record/connection_adapters/abstract/connection_pool.rb:264:in `connection'
  activerecord (4.1.6) lib/active_record/connection_adapters/abstract/connection_pool.rb:541:in `retrieve_connection'
  activerecord (4.1.6) lib/active_record/connection_handling.rb:113:in `retrieve_connection'
  activerecord (4.1.6) lib/active_record/connection_handling.rb:87:in `connection'
  activerecord (4.1.6) lib/active_record/query_cache.rb:51:in `restore_query_cache_settings'
  activerecord (4.1.6) lib/active_record/query_cache.rb:43:in `rescue in call'
  activerecord (4.1.6) lib/active_record/query_cache.rb:32:in `call'
  activerecord (4.1.6) lib/active_record/connection_adapters/abstract/connection_pool.rb:621:in `call'
  activerecord (4.1.6) lib/active_record/migration.rb:380:in `call'
  actionpack (4.1.6) lib/action_dispatch/middleware/callbacks.rb:29:in `block in call'
  activesupport (4.1.6) lib/active_support/callbacks.rb:82:in `run_callbacks'
  actionpack (4.1.6) lib/action_dispatch/middleware/callbacks.rb:27:in `call'
  actionpack (4.1.6) lib/action_dispatch/middleware/reloader.rb:73:in `call'
  actionpack (4.1.6) lib/action_dispatch/middleware/remote_ip.rb:76:in `call'
  actionpack (4.1.6) lib/action_dispatch/middleware/debug_exceptions.rb:17:in `call'
  actionpack (4.1.6) lib/action_dispatch/middleware/show_exceptions.rb:30:in `call'
  railties (4.1.6) lib/rails/rack/logger.rb:38:in `call_app'
  railties (4.1.6) lib/rails/rack/logger.rb:20:in `block in call'
  activesupport (4.1.6) lib/active_support/tagged_logging.rb:68:in `block in tagged'
  activesupport (4.1.6) lib/active_support/tagged_logging.rb:26:in `tagged'
  activesupport (4.1.6) lib/active_support/tagged_logging.rb:68:in `tagged'
  railties (4.1.6) lib/rails/rack/logger.rb:20:in `call'
  actionpack (4.1.6) lib/action_dispatch/middleware/request_id.rb:21:in `call'
  rack (1.5.2) lib/rack/methodoverride.rb:21:in `call'
  rack (1.5.2) lib/rack/runtime.rb:17:in `call'
  activesupport (4.1.6) lib/active_support/cache/strategy/local_cache_middleware.rb:26:in `call'
  rack (1.5.2) lib/rack/lock.rb:17:in `call'
  actionpack (4.1.6) lib/action_dispatch/middleware/static.rb:64:in `call'
  rack (1.5.2) lib/rack/sendfile.rb:112:in `call'
  railties (4.1.6) lib/rails/engine.rb:514:in `call'
  railties (4.1.6) lib/rails/application.rb:144:in `call'
  rack (1.5.2) lib/rack/lock.rb:17:in `call'
  rack (1.5.2) lib/rack/content_length.rb:14:in `call'
  rack (1.5.2) lib/rack/handler/webrick.rb:60:in `service'
  /Users/svargh1/.rvm/rubies/ruby-1.9.3-p448/lib/ruby/1.9.1/webrick/httpserver.rb:138:in `service'
  /Users/svargh1/.rvm/rubies/ruby-1.9.3-p448/lib/ruby/1.9.1/webrick/httpserver.rb:94:in `run'
  /Users/svargh1/.rvm/rubies/ruby-1.9.3-p448/lib/ruby/1.9.1/webrick/server.rb:191:in `block in start_thread'


  Rendered /Users/svargh1/.rvm/gems/ruby-1.9.3-p448/gems/actionpack-4.1.6/lib/action_dispatch/middleware/templates/rescues/_source.erb (0.5ms)
  Rendered /Users/svargh1/.rvm/gems/ruby-1.9.3-p448/gems/actionpack-4.1.6/lib/action_dispatch/middleware/templates/rescues/_trace.html.erb (0.8ms)
  Rendered /Users/svargh1/.rvm/gems/ruby-1.9.3-p448/gems/actionpack-4.1.6/lib/action_dispatch/middleware/templates/rescues/_request_and_response.html.erb (0.7ms)
  Rendered /Users/svargh1/.rvm/gems/ruby-1.9.3-p448/gems/actionpack-4.1.6/lib/action_dispatch/middleware/templates/rescues/diagnostics.erb within rescues/layout (17.2ms)


Started GET "/" for 127.0.0.1 at 2014-10-10 21:20:45 -0700

ActiveRecord::NoDatabaseError (FATAL:  database "simpledone_development" does not exist
Run `$ bin/rake db:create db:migrate` to create your database):
  activerecord (4.1.6) lib/active_record/connection_adapters/postgresql_adapter.rb:898:in `rescue in connect'
  activerecord (4.1.6) lib/active_record/connection_adapters/postgresql_adapter.rb:888:in `connect'
  activerecord (4.1.6) lib/active_record/connection_adapters/postgresql_adapter.rb:568:in `initialize'
  activerecord (4.1.6) lib/active_record/connection_adapters/postgresql_adapter.rb:41:in `new'
  activerecord (4.1.6) lib/active_record/connection_adapters/postgresql_adapter.rb:41:in `postgresql_connection'
  activerecord (4.1.6) lib/active_record/connection_adapters/abstract/connection_pool.rb:435:in `new_connection'
  activerecord (4.1.6) lib/active_record/connection_adapters/abstract/connection_pool.rb:445:in `checkout_new_connection'
  activerecord (4.1.6) lib/active_record/connection_adapters/abstract/connection_pool.rb:416:in `acquire_connection'
  activerecord (4.1.6) lib/active_record/connection_adapters/abstract/connection_pool.rb:351:in `block in checkout'
  /Users/svargh1/.rvm/rubies/ruby-1.9.3-p448/lib/ruby/1.9.1/monitor.rb:211:in `mon_synchronize'
  activerecord (4.1.6) lib/active_record/connection_adapters/abstract/connection_pool.rb:350:in `checkout'
  activerecord (4.1.6) lib/active_record/connection_adapters/abstract/connection_pool.rb:265:in `block in connection'
  /Users/svargh1/.rvm/rubies/ruby-1.9.3-p448/lib/ruby/1.9.1/monitor.rb:211:in `mon_synchronize'
  activerecord (4.1.6) lib/active_record/connection_adapters/abstract/connection_pool.rb:264:in `connection'
  activerecord (4.1.6) lib/active_record/connection_adapters/abstract/connection_pool.rb:541:in `retrieve_connection'
  activerecord (4.1.6) lib/active_record/connection_handling.rb:113:in `retrieve_connection'
  activerecord (4.1.6) lib/active_record/connection_handling.rb:87:in `connection'
  activerecord (4.1.6) lib/active_record/query_cache.rb:51:in `restore_query_cache_settings'
  activerecord (4.1.6) lib/active_record/query_cache.rb:43:in `rescue in call'
  activerecord (4.1.6) lib/active_record/query_cache.rb:32:in `call'
  activerecord (4.1.6) lib/active_record/connection_adapters/abstract/connection_pool.rb:621:in `call'
  activerecord (4.1.6) lib/active_record/migration.rb:380:in `call'
  actionpack (4.1.6) lib/action_dispatch/middleware/callbacks.rb:29:in `block in call'
  activesupport (4.1.6) lib/active_support/callbacks.rb:82:in `run_callbacks'
  actionpack (4.1.6) lib/action_dispatch/middleware/callbacks.rb:27:in `call'
  actionpack (4.1.6) lib/action_dispatch/middleware/reloader.rb:73:in `call'
  actionpack (4.1.6) lib/action_dispatch/middleware/remote_ip.rb:76:in `call'
  actionpack (4.1.6) lib/action_dispatch/middleware/debug_exceptions.rb:17:in `call'
  actionpack (4.1.6) lib/action_dispatch/middleware/show_exceptions.rb:30:in `call'
  railties (4.1.6) lib/rails/rack/logger.rb:38:in `call_app'
  railties (4.1.6) lib/rails/rack/logger.rb:20:in `block in call'
  activesupport (4.1.6) lib/active_support/tagged_logging.rb:68:in `block in tagged'
  activesupport (4.1.6) lib/active_support/tagged_logging.rb:26:in `tagged'
  activesupport (4.1.6) lib/active_support/tagged_logging.rb:68:in `tagged'
  railties (4.1.6) lib/rails/rack/logger.rb:20:in `call'
  actionpack (4.1.6) lib/action_dispatch/middleware/request_id.rb:21:in `call'
  rack (1.5.2) lib/rack/methodoverride.rb:21:in `call'
  rack (1.5.2) lib/rack/runtime.rb:17:in `call'
  activesupport (4.1.6) lib/active_support/cache/strategy/local_cache_middleware.rb:26:in `call'
  rack (1.5.2) lib/rack/lock.rb:17:in `call'
  actionpack (4.1.6) lib/action_dispatch/middleware/static.rb:64:in `call'
  rack (1.5.2) lib/rack/sendfile.rb:112:in `call'
  railties (4.1.6) lib/rails/engine.rb:514:in `call'
  railties (4.1.6) lib/rails/application.rb:144:in `call'
  rack (1.5.2) lib/rack/lock.rb:17:in `call'
  rack (1.5.2) lib/rack/content_length.rb:14:in `call'
  rack (1.5.2) lib/rack/handler/webrick.rb:60:in `service'
  /Users/svargh1/.rvm/rubies/ruby-1.9.3-p448/lib/ruby/1.9.1/webrick/httpserver.rb:138:in `service'
  /Users/svargh1/.rvm/rubies/ruby-1.9.3-p448/lib/ruby/1.9.1/webrick/httpserver.rb:94:in `run'
  /Users/svargh1/.rvm/rubies/ruby-1.9.3-p448/lib/ruby/1.9.1/webrick/server.rb:191:in `block in start_thread'


  Rendered /Users/svargh1/.rvm/gems/ruby-1.9.3-p448/gems/actionpack-4.1.6/lib/action_dispatch/middleware/templates/rescues/_source.erb (0.4ms)
  Rendered /Users/svargh1/.rvm/gems/ruby-1.9.3-p448/gems/actionpack-4.1.6/lib/action_dispatch/middleware/templates/rescues/_trace.html.erb (0.8ms)
  Rendered /Users/svargh1/.rvm/gems/ruby-1.9.3-p448/gems/actionpack-4.1.6/lib/action_dispatch/middleware/templates/rescues/_request_and_response.html.erb (0.6ms)
  Rendered /Users/svargh1/.rvm/gems/ruby-1.9.3-p448/gems/actionpack-4.1.6/lib/action_dispatch/middleware/templates/rescues/diagnostics.erb within rescues/layout (11.1ms)


Started GET "/" for 127.0.0.1 at 2014-10-10 21:20:46 -0700

ActiveRecord::NoDatabaseError (FATAL:  database "simpledone_development" does not exist
Run `$ bin/rake db:create db:migrate` to create your database):
  activerecord (4.1.6) lib/active_record/connection_adapters/postgresql_adapter.rb:898:in `rescue in connect'
  activerecord (4.1.6) lib/active_record/connection_adapters/postgresql_adapter.rb:888:in `connect'
  activerecord (4.1.6) lib/active_record/connection_adapters/postgresql_adapter.rb:568:in `initialize'
  activerecord (4.1.6) lib/active_record/connection_adapters/postgresql_adapter.rb:41:in `new'
  activerecord (4.1.6) lib/active_record/connection_adapters/postgresql_adapter.rb:41:in `postgresql_connection'
  activerecord (4.1.6) lib/active_record/connection_adapters/abstract/connection_pool.rb:435:in `new_connection'
  activerecord (4.1.6) lib/active_record/connection_adapters/abstract/connection_pool.rb:445:in `checkout_new_connection'
  activerecord (4.1.6) lib/active_record/connection_adapters/abstract/connection_pool.rb:416:in `acquire_connection'
  activerecord (4.1.6) lib/active_record/connection_adapters/abstract/connection_pool.rb:351:in `block in checkout'
  /Users/svargh1/.rvm/rubies/ruby-1.9.3-p448/lib/ruby/1.9.1/monitor.rb:211:in `mon_synchronize'
  activerecord (4.1.6) lib/active_record/connection_adapters/abstract/connection_pool.rb:350:in `checkout'
  activerecord (4.1.6) lib/active_record/connection_adapters/abstract/connection_pool.rb:265:in `block in connection'
  /Users/svargh1/.rvm/rubies/ruby-1.9.3-p448/lib/ruby/1.9.1/monitor.rb:211:in `mon_synchronize'
  activerecord (4.1.6) lib/active_record/connection_adapters/abstract/connection_pool.rb:264:in `connection'
  activerecord (4.1.6) lib/active_record/connection_adapters/abstract/connection_pool.rb:541:in `retrieve_connection'
  activerecord (4.1.6) lib/active_record/connection_handling.rb:113:in `retrieve_connection'
  activerecord (4.1.6) lib/active_record/connection_handling.rb:87:in `connection'
  activerecord (4.1.6) lib/active_record/query_cache.rb:51:in `restore_query_cache_settings'
  activerecord (4.1.6) lib/active_record/query_cache.rb:43:in `rescue in call'
  activerecord (4.1.6) lib/active_record/query_cache.rb:32:in `call'
  activerecord (4.1.6) lib/active_record/connection_adapters/abstract/connection_pool.rb:621:in `call'
  activerecord (4.1.6) lib/active_record/migration.rb:380:in `call'
  actionpack (4.1.6) lib/action_dispatch/middleware/callbacks.rb:29:in `block in call'
  activesupport (4.1.6) lib/active_support/callbacks.rb:82:in `run_callbacks'
  actionpack (4.1.6) lib/action_dispatch/middleware/callbacks.rb:27:in `call'
  actionpack (4.1.6) lib/action_dispatch/middleware/reloader.rb:73:in `call'
  actionpack (4.1.6) lib/action_dispatch/middleware/remote_ip.rb:76:in `call'
  actionpack (4.1.6) lib/action_dispatch/middleware/debug_exceptions.rb:17:in `call'
  actionpack (4.1.6) lib/action_dispatch/middleware/show_exceptions.rb:30:in `call'
  railties (4.1.6) lib/rails/rack/logger.rb:38:in `call_app'
  railties (4.1.6) lib/rails/rack/logger.rb:20:in `block in call'
  activesupport (4.1.6) lib/active_support/tagged_logging.rb:68:in `block in tagged'
  activesupport (4.1.6) lib/active_support/tagged_logging.rb:26:in `tagged'
  activesupport (4.1.6) lib/active_support/tagged_logging.rb:68:in `tagged'
  railties (4.1.6) lib/rails/rack/logger.rb:20:in `call'
  actionpack (4.1.6) lib/action_dispatch/middleware/request_id.rb:21:in `call'
  rack (1.5.2) lib/rack/methodoverride.rb:21:in `call'
  rack (1.5.2) lib/rack/runtime.rb:17:in `call'
  activesupport (4.1.6) lib/active_support/cache/strategy/local_cache_middleware.rb:26:in `call'
  rack (1.5.2) lib/rack/lock.rb:17:in `call'
  actionpack (4.1.6) lib/action_dispatch/middleware/static.rb:64:in `call'
  rack (1.5.2) lib/rack/sendfile.rb:112:in `call'
  railties (4.1.6) lib/rails/engine.rb:514:in `call'
  railties (4.1.6) lib/rails/application.rb:144:in `call'
  rack (1.5.2) lib/rack/lock.rb:17:in `call'
  rack (1.5.2) lib/rack/content_length.rb:14:in `call'
  rack (1.5.2) lib/rack/handler/webrick.rb:60:in `service'
  /Users/svargh1/.rvm/rubies/ruby-1.9.3-p448/lib/ruby/1.9.1/webrick/httpserver.rb:138:in `service'
  /Users/svargh1/.rvm/rubies/ruby-1.9.3-p448/lib/ruby/1.9.1/webrick/httpserver.rb:94:in `run'
  /Users/svargh1/.rvm/rubies/ruby-1.9.3-p448/lib/ruby/1.9.1/webrick/server.rb:191:in `block in start_thread'


  Rendered /Users/svargh1/.rvm/gems/ruby-1.9.3-p448/gems/actionpack-4.1.6/lib/action_dispatch/middleware/templates/rescues/_source.erb (0.4ms)
  Rendered /Users/svargh1/.rvm/gems/ruby-1.9.3-p448/gems/actionpack-4.1.6/lib/action_dispatch/middleware/templates/rescues/_trace.html.erb (0.8ms)
  Rendered /Users/svargh1/.rvm/gems/ruby-1.9.3-p448/gems/actionpack-4.1.6/lib/action_dispatch/middleware/templates/rescues/_request_and_response.html.erb (0.7ms)
  Rendered /Users/svargh1/.rvm/gems/ruby-1.9.3-p448/gems/actionpack-4.1.6/lib/action_dispatch/middleware/templates/rescues/diagnostics.erb within rescues/layout (11.5ms)
  [1m[36m (26.5ms)[0m  [1mCREATE TABLE "schema_migrations" ("version" character varying(255) NOT NULL) [0m
  [1m[35m (1.2ms)[0m  CREATE UNIQUE INDEX  "unique_schema_migrations" ON "schema_migrations"  ("version")
  [1m[36mActiveRecord::SchemaMigration Load (0.2ms)[0m  [1mSELECT "schema_migrations".* FROM "schema_migrations"[0m


Started GET "/" for 127.0.0.1 at 2014-10-10 21:27:49 -0700

AbstractController::ActionNotFound (The action 'index' could not be found for HomeController):
  actionpack (4.1.6) lib/abstract_controller/base.rb:131:in `process'
  actionview (4.1.6) lib/action_view/rendering.rb:30:in `process'
  actionpack (4.1.6) lib/action_controller/metal.rb:196:in `dispatch'
  actionpack (4.1.6) lib/action_controller/metal/rack_delegation.rb:13:in `dispatch'
  actionpack (4.1.6) lib/action_controller/metal.rb:232:in `block in action'
  actionpack (4.1.6) lib/action_dispatch/routing/route_set.rb:82:in `call'
  actionpack (4.1.6) lib/action_dispatch/routing/route_set.rb:82:in `dispatch'
  actionpack (4.1.6) lib/action_dispatch/routing/route_set.rb:50:in `call'
  actionpack (4.1.6) lib/action_dispatch/journey/router.rb:73:in `block in call'
  actionpack (4.1.6) lib/action_dispatch/journey/router.rb:59:in `each'
  actionpack (4.1.6) lib/action_dispatch/journey/router.rb:59:in `call'
  actionpack (4.1.6) lib/action_dispatch/routing/route_set.rb:678:in `call'
  rack (1.5.2) lib/rack/etag.rb:23:in `call'
  rack (1.5.2) lib/rack/conditionalget.rb:25:in `call'
  rack (1.5.2) lib/rack/head.rb:11:in `call'
  actionpack (4.1.6) lib/action_dispatch/middleware/params_parser.rb:27:in `call'
  actionpack (4.1.6) lib/action_dispatch/middleware/flash.rb:254:in `call'
  rack (1.5.2) lib/rack/session/abstract/id.rb:225:in `context'
  rack (1.5.2) lib/rack/session/abstract/id.rb:220:in `call'
  actionpack (4.1.6) lib/action_dispatch/middleware/cookies.rb:560:in `call'
  activerecord (4.1.6) lib/active_record/query_cache.rb:36:in `call'
  activerecord (4.1.6) lib/active_record/connection_adapters/abstract/connection_pool.rb:621:in `call'
  activerecord (4.1.6) lib/active_record/migration.rb:380:in `call'
  actionpack (4.1.6) lib/action_dispatch/middleware/callbacks.rb:29:in `block in call'
  activesupport (4.1.6) lib/active_support/callbacks.rb:82:in `run_callbacks'
  actionpack (4.1.6) lib/action_dispatch/middleware/callbacks.rb:27:in `call'
  actionpack (4.1.6) lib/action_dispatch/middleware/reloader.rb:73:in `call'
  actionpack (4.1.6) lib/action_dispatch/middleware/remote_ip.rb:76:in `call'
  actionpack (4.1.6) lib/action_dispatch/middleware/debug_exceptions.rb:17:in `call'
  actionpack (4.1.6) lib/action_dispatch/middleware/show_exceptions.rb:30:in `call'
  railties (4.1.6) lib/rails/rack/logger.rb:38:in `call_app'
  railties (4.1.6) lib/rails/rack/logger.rb:20:in `block in call'
  activesupport (4.1.6) lib/active_support/tagged_logging.rb:68:in `block in tagged'
  activesupport (4.1.6) lib/active_support/tagged_logging.rb:26:in `tagged'
  activesupport (4.1.6) lib/active_support/tagged_logging.rb:68:in `tagged'
  railties (4.1.6) lib/rails/rack/logger.rb:20:in `call'
  actionpack (4.1.6) lib/action_dispatch/middleware/request_id.rb:21:in `call'
  rack (1.5.2) lib/rack/methodoverride.rb:21:in `call'
  rack (1.5.2) lib/rack/runtime.rb:17:in `call'
  activesupport (4.1.6) lib/active_support/cache/strategy/local_cache_middleware.rb:26:in `call'
  rack (1.5.2) lib/rack/lock.rb:17:in `call'
  actionpack (4.1.6) lib/action_dispatch/middleware/static.rb:64:in `call'
  rack (1.5.2) lib/rack/sendfile.rb:112:in `call'
  railties (4.1.6) lib/rails/engine.rb:514:in `call'
  railties (4.1.6) lib/rails/application.rb:144:in `call'
  rack (1.5.2) lib/rack/lock.rb:17:in `call'
  rack (1.5.2) lib/rack/content_length.rb:14:in `call'
  rack (1.5.2) lib/rack/handler/webrick.rb:60:in `service'
  /Users/svargh1/.rvm/rubies/ruby-1.9.3-p448/lib/ruby/1.9.1/webrick/httpserver.rb:138:in `service'
  /Users/svargh1/.rvm/rubies/ruby-1.9.3-p448/lib/ruby/1.9.1/webrick/httpserver.rb:94:in `run'
  /Users/svargh1/.rvm/rubies/ruby-1.9.3-p448/lib/ruby/1.9.1/webrick/server.rb:191:in `block in start_thread'


  Rendered /Users/svargh1/.rvm/gems/ruby-1.9.3-p448/gems/actionpack-4.1.6/lib/action_dispatch/middleware/templates/rescues/unknown_action.html.erb within rescues/layout (1.9ms)


Started GET "/" for 127.0.0.1 at 2014-10-10 21:28:23 -0700
Processing by HomeController#index as HTML
Completed 500 Internal Server Error in 15ms

ActionView::MissingTemplate (Missing template home/index, application/index with {:locale=>[:en], :formats=>[:html], :variants=>[], :handlers=>[:erb, :builder, :raw, :ruby, :jbuilder, :coffee]}. Searched in:
  * "/Users/svargh1/sf/simpledone/app/views"
):
  actionview (4.1.6) lib/action_view/path_set.rb:46:in `find'
  actionview (4.1.6) lib/action_view/lookup_context.rb:124:in `find'
  actionview (4.1.6) lib/action_view/renderer/abstract_renderer.rb:18:in `find_template'
  actionview (4.1.6) lib/action_view/renderer/template_renderer.rb:41:in `determine_template'
  actionview (4.1.6) lib/action_view/renderer/template_renderer.rb:8:in `render'
  actionview (4.1.6) lib/action_view/renderer/renderer.rb:42:in `render_template'
  actionview (4.1.6) lib/action_view/renderer/renderer.rb:23:in `render'
  actionview (4.1.6) lib/action_view/rendering.rb:99:in `_render_template'
  actionpack (4.1.6) lib/action_controller/metal/streaming.rb:217:in `_render_template'
  actionview (4.1.6) lib/action_view/rendering.rb:82:in `render_to_body'
  actionpack (4.1.6) lib/action_controller/metal/rendering.rb:32:in `render_to_body'
  actionpack (4.1.6) lib/action_controller/metal/renderers.rb:32:in `render_to_body'
  actionpack (4.1.6) lib/abstract_controller/rendering.rb:25:in `render'
  actionpack (4.1.6) lib/action_controller/metal/rendering.rb:16:in `render'
  actionpack (4.1.6) lib/action_controller/metal/instrumentation.rb:41:in `block (2 levels) in render'
  activesupport (4.1.6) lib/active_support/core_ext/benchmark.rb:12:in `block in ms'
  /Users/svargh1/.rvm/rubies/ruby-1.9.3-p448/lib/ruby/1.9.1/benchmark.rb:295:in `realtime'
  activesupport (4.1.6) lib/active_support/core_ext/benchmark.rb:12:in `ms'
  actionpack (4.1.6) lib/action_controller/metal/instrumentation.rb:41:in `block in render'
  actionpack (4.1.6) lib/action_controller/metal/instrumentation.rb:84:in `cleanup_view_runtime'
  activerecord (4.1.6) lib/active_record/railties/controller_runtime.rb:25:in `cleanup_view_runtime'
  actionpack (4.1.6) lib/action_controller/metal/instrumentation.rb:40:in `render'
  actionpack (4.1.6) lib/action_controller/metal/implicit_render.rb:10:in `default_render'
  actionpack (4.1.6) lib/action_controller/metal/implicit_render.rb:5:in `send_action'
  actionpack (4.1.6) lib/abstract_controller/base.rb:189:in `process_action'
  actionpack (4.1.6) lib/action_controller/metal/rendering.rb:10:in `process_action'
  actionpack (4.1.6) lib/abstract_controller/callbacks.rb:20:in `block in process_action'
  activesupport (4.1.6) lib/active_support/callbacks.rb:113:in `call'
  activesupport (4.1.6) lib/active_support/callbacks.rb:113:in `call'
  activesupport (4.1.6) lib/active_support/callbacks.rb:229:in `block in halting'
  activesupport (4.1.6) lib/active_support/callbacks.rb:229:in `call'
  activesupport (4.1.6) lib/active_support/callbacks.rb:229:in `block in halting'
  activesupport (4.1.6) lib/active_support/callbacks.rb:166:in `call'
  activesupport (4.1.6) lib/active_support/callbacks.rb:166:in `block in halting'
  activesupport (4.1.6) lib/active_support/callbacks.rb:166:in `call'
  activesupport (4.1.6) lib/active_support/callbacks.rb:166:in `block in halting'
  activesupport (4.1.6) lib/active_support/callbacks.rb:166:in `call'
  activesupport (4.1.6) lib/active_support/callbacks.rb:166:in `block in halting'
  activesupport (4.1.6) lib/active_support/callbacks.rb:86:in `call'
  activesupport (4.1.6) lib/active_support/callbacks.rb:86:in `run_callbacks'
  actionpack (4.1.6) lib/abstract_controller/callbacks.rb:19:in `process_action'
  actionpack (4.1.6) lib/action_controller/metal/rescue.rb:29:in `process_action'
  actionpack (4.1.6) lib/action_controller/metal/instrumentation.rb:31:in `block in process_action'
  activesupport (4.1.6) lib/active_support/notifications.rb:159:in `block in instrument'
  activesupport (4.1.6) lib/active_support/notifications/instrumenter.rb:20:in `instrument'
  activesupport (4.1.6) lib/active_support/notifications.rb:159:in `instrument'
  actionpack (4.1.6) lib/action_controller/metal/instrumentation.rb:30:in `process_action'
  actionpack (4.1.6) lib/action_controller/metal/params_wrapper.rb:250:in `process_action'
  activerecord (4.1.6) lib/active_record/railties/controller_runtime.rb:18:in `process_action'
  actionpack (4.1.6) lib/abstract_controller/base.rb:136:in `process'
  actionview (4.1.6) lib/action_view/rendering.rb:30:in `process'
  actionpack (4.1.6) lib/action_controller/metal.rb:196:in `dispatch'
  actionpack (4.1.6) lib/action_controller/metal/rack_delegation.rb:13:in `dispatch'
  actionpack (4.1.6) lib/action_controller/metal.rb:232:in `block in action'
  actionpack (4.1.6) lib/action_dispatch/routing/route_set.rb:82:in `call'
  actionpack (4.1.6) lib/action_dispatch/routing/route_set.rb:82:in `dispatch'
  actionpack (4.1.6) lib/action_dispatch/routing/route_set.rb:50:in `call'
  actionpack (4.1.6) lib/action_dispatch/journey/router.rb:73:in `block in call'
  actionpack (4.1.6) lib/action_dispatch/journey/router.rb:59:in `each'
  actionpack (4.1.6) lib/action_dispatch/journey/router.rb:59:in `call'
  actionpack (4.1.6) lib/action_dispatch/routing/route_set.rb:678:in `call'
  rack (1.5.2) lib/rack/etag.rb:23:in `call'
  rack (1.5.2) lib/rack/conditionalget.rb:25:in `call'
  rack (1.5.2) lib/rack/head.rb:11:in `call'
  actionpack (4.1.6) lib/action_dispatch/middleware/params_parser.rb:27:in `call'
  actionpack (4.1.6) lib/action_dispatch/middleware/flash.rb:254:in `call'
  rack (1.5.2) lib/rack/session/abstract/id.rb:225:in `context'
  rack (1.5.2) lib/rack/session/abstract/id.rb:220:in `call'
  actionpack (4.1.6) lib/action_dispatch/middleware/cookies.rb:560:in `call'
  activerecord (4.1.6) lib/active_record/query_cache.rb:36:in `call'
  activerecord (4.1.6) lib/active_record/connection_adapters/abstract/connection_pool.rb:621:in `call'
  activerecord (4.1.6) lib/active_record/migration.rb:380:in `call'
  actionpack (4.1.6) lib/action_dispatch/middleware/callbacks.rb:29:in `block in call'
  activesupport (4.1.6) lib/active_support/callbacks.rb:82:in `run_callbacks'
  actionpack (4.1.6) lib/action_dispatch/middleware/callbacks.rb:27:in `call'
  actionpack (4.1.6) lib/action_dispatch/middleware/reloader.rb:73:in `call'
  actionpack (4.1.6) lib/action_dispatch/middleware/remote_ip.rb:76:in `call'
  actionpack (4.1.6) lib/action_dispatch/middleware/debug_exceptions.rb:17:in `call'
  actionpack (4.1.6) lib/action_dispatch/middleware/show_exceptions.rb:30:in `call'
  railties (4.1.6) lib/rails/rack/logger.rb:38:in `call_app'
  railties (4.1.6) lib/rails/rack/logger.rb:20:in `block in call'
  activesupport (4.1.6) lib/active_support/tagged_logging.rb:68:in `block in tagged'
  activesupport (4.1.6) lib/active_support/tagged_logging.rb:26:in `tagged'
  activesupport (4.1.6) lib/active_support/tagged_logging.rb:68:in `tagged'
  railties (4.1.6) lib/rails/rack/logger.rb:20:in `call'
  actionpack (4.1.6) lib/action_dispatch/middleware/request_id.rb:21:in `call'
  rack (1.5.2) lib/rack/methodoverride.rb:21:in `call'
  rack (1.5.2) lib/rack/runtime.rb:17:in `call'
  activesupport (4.1.6) lib/active_support/cache/strategy/local_cache_middleware.rb:26:in `call'
  rack (1.5.2) lib/rack/lock.rb:17:in `call'
  actionpack (4.1.6) lib/action_dispatch/middleware/static.rb:64:in `call'
  rack (1.5.2) lib/rack/sendfile.rb:112:in `call'
  railties (4.1.6) lib/rails/engine.rb:514:in `call'
  railties (4.1.6) lib/rails/application.rb:144:in `call'
  rack (1.5.2) lib/rack/lock.rb:17:in `call'
  rack (1.5.2) lib/rack/content_length.rb:14:in `call'
  rack (1.5.2) lib/rack/handler/webrick.rb:60:in `service'
  /Users/svargh1/.rvm/rubies/ruby-1.9.3-p448/lib/ruby/1.9.1/webrick/httpserver.rb:138:in `service'
  /Users/svargh1/.rvm/rubies/ruby-1.9.3-p448/lib/ruby/1.9.1/webrick/httpserver.rb:94:in `run'
  /Users/svargh1/.rvm/rubies/ruby-1.9.3-p448/lib/ruby/1.9.1/webrick/server.rb:191:in `block in start_thread'


  Rendered /Users/svargh1/.rvm/gems/ruby-1.9.3-p448/gems/actionpack-4.1.6/lib/action_dispatch/middleware/templates/rescues/missing_template.html.erb within rescues/layout (0.3ms)


Started GET "/" for 127.0.0.1 at 2014-10-10 21:33:03 -0700
Processing by HomeController#index as HTML
  Rendered home/index.html.haml within layouts/application (24.4ms)
Completed 200 OK in 548ms (Views: 535.1ms | ActiveRecord: 0.0ms)


Started GET "/assets/home.css?body=1" for 127.0.0.1 at 2014-10-10 21:33:04 -0700


Started GET "/assets/turbolinks.js?body=1" for 127.0.0.1 at 2014-10-10 21:33:04 -0700


Started GET "/assets/jquery.js?body=1" for 127.0.0.1 at 2014-10-10 21:33:04 -0700


Started GET "/assets/home.js?body=1" for 127.0.0.1 at 2014-10-10 21:33:04 -0700


Started GET "/assets/application.css?body=1" for 127.0.0.1 at 2014-10-10 21:33:04 -0700


Started GET "/assets/application.js?body=1" for 127.0.0.1 at 2014-10-10 21:33:04 -0700


Started GET "/assets/jquery_ujs.js?body=1" for 127.0.0.1 at 2014-10-10 21:33:04 -0700


Started GET "/" for 127.0.0.1 at 2014-10-10 21:39:50 -0700
Processing by HomeController#index as HTML
  Rendered home/index.html.haml within layouts/application (1.8ms)
Completed 500 Internal Server Error in 2057ms

ActionView::Template::Error (Undefined mixin 'gradient-vertical'.
  (in /Users/svargh1/sf/simpledone/app/assets/stylesheets/simpledone.css.scss:555)):
    3:   %head
    4:     %title
    5:       Simpledone
    6:     = stylesheet_link_tag    'application', media: 'all', 'data-turbolinks-track' => true
    7:     = javascript_include_tag 'application', 'data-turbolinks-track' => true
    8:     = csrf_meta_tags 
    9: 
  app/assets/stylesheets/simpledone.css.scss:555:in `gradient-vertical'
  app/assets/stylesheets/simpledone.css.scss:555
  app/views/layouts/application.html.haml:6:in `_app_views_layouts_application_html_haml___1756860367526293204_70234215318400'


  Rendered /Users/svargh1/.rvm/gems/ruby-1.9.3-p448/gems/actionpack-4.1.6/lib/action_dispatch/middleware/templates/rescues/_trace.html.erb (1.1ms)
  Rendered /Users/svargh1/.rvm/gems/ruby-1.9.3-p448/gems/actionpack-4.1.6/lib/action_dispatch/middleware/templates/rescues/_request_and_response.html.erb (0.7ms)
  Rendered /Users/svargh1/.rvm/gems/ruby-1.9.3-p448/gems/actionpack-4.1.6/lib/action_dispatch/middleware/templates/rescues/template_error.html.erb within rescues/layout (10.7ms)


Started GET "/" for 127.0.0.1 at 2014-10-10 21:42:14 -0700
Processing by HomeController#index as HTML
  Rendered home/index.html.haml within layouts/application (0.1ms)
Completed 200 OK in 879ms (Views: 878.2ms | ActiveRecord: 0.0ms)


Started GET "/assets/jquery_ujs.js?body=1" for 127.0.0.1 at 2014-10-10 21:42:15 -0700


Started GET "/assets/turbolinks.js?body=1" for 127.0.0.1 at 2014-10-10 21:42:15 -0700


Started GET "/assets/jquery.js?body=1" for 127.0.0.1 at 2014-10-10 21:42:15 -0700


Started GET "/assets/application.css?body=1" for 127.0.0.1 at 2014-10-10 21:42:15 -0700


Started GET "/assets/simpledone.css?body=1" for 127.0.0.1 at 2014-10-10 21:42:15 -0700


Started GET "/assets/home.css?body=1" for 127.0.0.1 at 2014-10-10 21:42:15 -0700


Started GET "/assets/home.js?body=1" for 127.0.0.1 at 2014-10-10 21:42:15 -0700


Started GET "/assets/application.js?body=1" for 127.0.0.1 at 2014-10-10 21:42:15 -0700


Started GET "/assets/jquery_ujs.js?body=1" for 127.0.0.1 at 2014-10-10 21:42:15 -0700


Started GET "/assets/turbolinks.js?body=1" for 127.0.0.1 at 2014-10-10 21:42:15 -0700


Started GET "/" for 127.0.0.1 at 2014-10-10 22:19:41 -0700
Processing by HomeController#index as HTML
  Rendered home/index.html.haml within layouts/application (3.2ms)
Completed 200 OK in 3915ms (Views: 3897.2ms | ActiveRecord: 0.0ms)


Started GET "/assets/simpledone.css?body=1" for 127.0.0.1 at 2014-10-10 22:19:45 -0700


Started GET "/assets/application.css?body=1" for 127.0.0.1 at 2014-10-10 22:19:45 -0700


Started GET "/assets/home.js?body=1" for 127.0.0.1 at 2014-10-10 22:19:45 -0700


Started GET "/assets/jquery.js?body=1" for 127.0.0.1 at 2014-10-10 22:19:45 -0700


Started GET "/assets/jquery_ujs.js?body=1" for 127.0.0.1 at 2014-10-10 22:19:45 -0700


Started GET "/assets/turbolinks.js?body=1" for 127.0.0.1 at 2014-10-10 22:19:45 -0700


Started GET "/assets/home.css?body=1" for 127.0.0.1 at 2014-10-10 22:19:45 -0700


Started GET "/assets/application.js?body=1" for 127.0.0.1 at 2014-10-10 22:19:45 -0700


Started GET "/" for 127.0.0.1 at 2014-10-10 22:20:22 -0700
Processing by HomeController#index as HTML
  Rendered home/index.html.haml within layouts/application (0.1ms)
Completed 200 OK in 1760ms (Views: 1759.4ms | ActiveRecord: 0.0ms)


Started GET "/" for 127.0.0.1 at 2014-10-10 22:20:29 -0700
Processing by HomeController#index as HTML
  Rendered home/index.html.haml within layouts/application (0.1ms)
Completed 200 OK in 103ms (Views: 101.8ms | ActiveRecord: 0.0ms)


Started GET "/assets/jquery_ujs.js?body=1" for 127.0.0.1 at 2014-10-10 22:20:30 -0700


Started GET "/assets/turbolinks.js?body=1" for 127.0.0.1 at 2014-10-10 22:20:30 -0700


Started GET "/assets/jquery.js?body=1" for 127.0.0.1 at 2014-10-10 22:20:30 -0700


Started GET "/assets/simpledone.css?body=1" for 127.0.0.1 at 2014-10-10 22:20:34 -0700


Started GET "/" for 127.0.0.1 at 2014-10-10 22:20:54 -0700
Processing by HomeController#index as HTML
  Rendered home/index.html.haml within layouts/application (0.2ms)
Completed 200 OK in 100ms (Views: 99.1ms | ActiveRecord: 0.0ms)


Started GET "/assets/home.css?body=1" for 127.0.0.1 at 2014-10-10 22:20:55 -0700


Started GET "/assets/application.css?body=1" for 127.0.0.1 at 2014-10-10 22:20:55 -0700


Started GET "/assets/simpledone.css?body=1" for 127.0.0.1 at 2014-10-10 22:20:55 -0700


Started GET "/assets/jquery.js?body=1" for 127.0.0.1 at 2014-10-10 22:20:55 -0700


Started GET "/assets/home.js?body=1" for 127.0.0.1 at 2014-10-10 22:20:55 -0700


Started GET "/assets/turbolinks.js?body=1" for 127.0.0.1 at 2014-10-10 22:20:55 -0700


Started GET "/assets/jquery_ujs.js?body=1" for 127.0.0.1 at 2014-10-10 22:20:55 -0700


Started GET "/assets/application.js?body=1" for 127.0.0.1 at 2014-10-10 22:20:55 -0700


Started GET "/" for 127.0.0.1 at 2014-10-10 22:21:23 -0700
Processing by HomeController#index as HTML
  Rendered home/index.html.haml within layouts/application (0.1ms)
Completed 500 Internal Server Error in 24ms

ActionView::Template::Error (Invalid CSS after "  &": expected "{", was "__something {"

"__something" may only be used at the beginning of a compound selector.
  (in /Users/Brajeshwar/Labs/hackathon/simpledone/app/assets/stylesheets/simpledone.css.scss:4)):
    3:   %head
    4:     %title
    5:       Simpledone
    6:     = stylesheet_link_tag    'application', media: 'all', 'data-turbolinks-track' => true
    7:     = javascript_include_tag 'application', 'data-turbolinks-track' => true
    8:     = csrf_meta_tags 
    9: 
  app/assets/stylesheets/simpledone.css.scss:4
  app/views/layouts/application.html.haml:6:in `_app_views_layouts_application_html_haml__412043706833570592_2160245320'


  Rendered /Users/Brajeshwar/.rvm/gems/ruby-2.1.1/gems/actionpack-4.1.6/lib/action_dispatch/middleware/templates/rescues/_trace.html.erb (2.3ms)
  Rendered /Users/Brajeshwar/.rvm/gems/ruby-2.1.1/gems/actionpack-4.1.6/lib/action_dispatch/middleware/templates/rescues/_request_and_response.html.erb (1.5ms)
  Rendered /Users/Brajeshwar/.rvm/gems/ruby-2.1.1/gems/actionpack-4.1.6/lib/action_dispatch/middleware/templates/rescues/template_error.html.erb within rescues/layout (27.7ms)


Started GET "/" for 127.0.0.1 at 2014-10-10 22:29:25 -0700
Processing by HomeController#index as HTML
  Rendered home/index.html.haml within layouts/application (0.1ms)
Completed 200 OK in 1856ms (Views: 1854.9ms | ActiveRecord: 0.0ms)


Started GET "/assets/home.css?body=1" for 127.0.0.1 at 2014-10-10 22:29:27 -0700


Started GET "/assets/application.css?body=1" for 127.0.0.1 at 2014-10-10 22:29:27 -0700


Started GET "/assets/jquery.js?body=1" for 127.0.0.1 at 2014-10-10 22:29:27 -0700


Started GET "/assets/jquery_ujs.js?body=1" for 127.0.0.1 at 2014-10-10 22:29:27 -0700


Started GET "/assets/turbolinks.js?body=1" for 127.0.0.1 at 2014-10-10 22:29:27 -0700


Started GET "/assets/_simpledone.css?body=1" for 127.0.0.1 at 2014-10-10 22:29:27 -0700


Started GET "/assets/home.js?body=1" for 127.0.0.1 at 2014-10-10 22:29:27 -0700


Started GET "/assets/application.js?body=1" for 127.0.0.1 at 2014-10-10 22:29:27 -0700


Started GET "/" for 127.0.0.1 at 2014-10-10 22:31:32 -0700
Processing by HomeController#index as HTML
  Rendered home/index.html.haml within layouts/application (0.1ms)
Completed 200 OK in 1749ms (Views: 1747.5ms | ActiveRecord: 0.0ms)


Started GET "/assets/_utilities.css?body=1" for 127.0.0.1 at 2014-10-10 22:31:34 -0700


Started GET "/assets/application.css?body=1" for 127.0.0.1 at 2014-10-10 22:31:34 -0700


Started GET "/assets/_simpledone.css?body=1" for 127.0.0.1 at 2014-10-10 22:31:34 -0700


Started GET "/assets/jquery.js?body=1" for 127.0.0.1 at 2014-10-10 22:31:34 -0700


Started GET "/assets/home.css?body=1" for 127.0.0.1 at 2014-10-10 22:31:34 -0700


Started GET "/assets/jquery_ujs.js?body=1" for 127.0.0.1 at 2014-10-10 22:31:34 -0700


Started GET "/assets/turbolinks.js?body=1" for 127.0.0.1 at 2014-10-10 22:31:34 -0700


Started GET "/assets/home.js?body=1" for 127.0.0.1 at 2014-10-10 22:31:34 -0700


Started GET "/assets/application.js?body=1" for 127.0.0.1 at 2014-10-10 22:31:34 -0700


Started GET "/" for 127.0.0.1 at 2014-10-10 22:37:40 -0700
Processing by HomeController#index as HTML
  Rendered home/index.html within layouts/application (0.5ms)
Completed 200 OK in 111ms (Views: 110.1ms | ActiveRecord: 0.0ms)


Started GET "/assets/_simpledone.css?body=1" for 127.0.0.1 at 2014-10-10 22:37:41 -0700


Started GET "/assets/_utilities.css?body=1" for 127.0.0.1 at 2014-10-10 22:37:41 -0700


Started GET "/assets/jquery.js?body=1" for 127.0.0.1 at 2014-10-10 22:37:41 -0700


Started GET "/assets/jquery_ujs.js?body=1" for 127.0.0.1 at 2014-10-10 22:37:41 -0700


Started GET "/assets/home.css?body=1" for 127.0.0.1 at 2014-10-10 22:37:41 -0700


Started GET "/assets/application.css?body=1" for 127.0.0.1 at 2014-10-10 22:37:41 -0700


Started GET "/assets/turbolinks.js?body=1" for 127.0.0.1 at 2014-10-10 22:37:41 -0700


Started GET "/assets/home.js?body=1" for 127.0.0.1 at 2014-10-10 22:37:41 -0700


Started GET "/assets/application.js?body=1" for 127.0.0.1 at 2014-10-10 22:37:41 -0700


Started GET "/" for 127.0.0.1 at 2014-10-10 22:38:16 -0700
Processing by HomeController#index as HTML
  Rendered home/index.html within layouts/application (0.1ms)
Completed 200 OK in 111ms (Views: 109.9ms | ActiveRecord: 0.0ms)


Started GET "/assets/_simpledone.css?body=1" for 127.0.0.1 at 2014-10-10 22:38:17 -0700


Started GET "/assets/_utilities.css?body=1" for 127.0.0.1 at 2014-10-10 22:38:17 -0700


Started GET "/assets/application.css?body=1" for 127.0.0.1 at 2014-10-10 22:38:17 -0700


Started GET "/assets/turbolinks.js?body=1" for 127.0.0.1 at 2014-10-10 22:38:17 -0700


Started GET "/assets/home.css?body=1" for 127.0.0.1 at 2014-10-10 22:38:17 -0700


Started GET "/assets/jquery.js?body=1" for 127.0.0.1 at 2014-10-10 22:38:17 -0700


Started GET "/assets/home.js?body=1" for 127.0.0.1 at 2014-10-10 22:38:17 -0700


Started GET "/assets/application.js?body=1" for 127.0.0.1 at 2014-10-10 22:38:17 -0700


Started GET "/assets/jquery_ujs.js?body=1" for 127.0.0.1 at 2014-10-10 22:38:17 -0700


Started GET "/" for 127.0.0.1 at 2014-10-10 22:38:55 -0700
Processing by HomeController#index as HTML
  Rendered home/index.html within layouts/application (0.1ms)
Completed 200 OK in 108ms (Views: 107.5ms | ActiveRecord: 0.0ms)


Started GET "/assets/_utilities.css?body=1" for 127.0.0.1 at 2014-10-10 22:38:55 -0700


Started GET "/assets/home.css?body=1" for 127.0.0.1 at 2014-10-10 22:38:55 -0700


Started GET "/assets/application.css?body=1" for 127.0.0.1 at 2014-10-10 22:38:55 -0700


Started GET "/assets/jquery.js?body=1" for 127.0.0.1 at 2014-10-10 22:38:55 -0700


Started GET "/assets/jquery_ujs.js?body=1" for 127.0.0.1 at 2014-10-10 22:38:55 -0700


Started GET "/assets/turbolinks.js?body=1" for 127.0.0.1 at 2014-10-10 22:38:55 -0700


Started GET "/assets/home.js?body=1" for 127.0.0.1 at 2014-10-10 22:38:55 -0700


Started GET "/assets/application.js?body=1" for 127.0.0.1 at 2014-10-10 22:38:55 -0700


Started GET "/assets/_simpledone.css?body=1" for 127.0.0.1 at 2014-10-10 22:38:55 -0700


Started GET "/assets/application.css?body=1&livereload=1413005946797" for 127.0.0.1 at 2014-10-10 22:39:06 -0700


Started GET "/" for 127.0.0.1 at 2014-10-10 22:40:22 -0700
Processing by HomeController#index as HTML
  Rendered home/index.html within layouts/application (0.1ms)
Completed 200 OK in 179ms (Views: 178.7ms | ActiveRecord: 0.0ms)


Started GET "/assets/application.css?body=1" for 127.0.0.1 at 2014-10-10 22:40:22 -0700


Started GET "/assets/_utilities.css?body=1" for 127.0.0.1 at 2014-10-10 22:40:22 -0700


Started GET "/assets/jquery.js?body=1" for 127.0.0.1 at 2014-10-10 22:40:22 -0700


Started GET "/assets/home.css?body=1" for 127.0.0.1 at 2014-10-10 22:40:22 -0700


Started GET "/assets/jquery_ujs.js?body=1" for 127.0.0.1 at 2014-10-10 22:40:22 -0700


Started GET "/assets/_simpledone.css?body=1" for 127.0.0.1 at 2014-10-10 22:40:22 -0700


Started GET "/assets/turbolinks.js?body=1" for 127.0.0.1 at 2014-10-10 22:40:22 -0700


Started GET "/assets/application.js?body=1" for 127.0.0.1 at 2014-10-10 22:40:22 -0700


Started GET "/assets/home.js?body=1" for 127.0.0.1 at 2014-10-10 22:40:22 -0700


Started GET "/" for 127.0.0.1 at 2014-10-10 22:40:41 -0700
Processing by HomeController#index as HTML
  Rendered home/index.html within layouts/application (0.1ms)
Completed 200 OK in 107ms (Views: 105.9ms | ActiveRecord: 0.0ms)


Started GET "/assets/_simpledone.css?body=1" for 127.0.0.1 at 2014-10-10 22:40:41 -0700


Started GET "/assets/_utilities.css?body=1" for 127.0.0.1 at 2014-10-10 22:40:41 -0700


Started GET "/assets/home.css?body=1" for 127.0.0.1 at 2014-10-10 22:40:41 -0700


Started GET "/assets/application.js?body=1" for 127.0.0.1 at 2014-10-10 22:40:41 -0700


Started GET "/assets/jquery_ujs.js?body=1" for 127.0.0.1 at 2014-10-10 22:40:41 -0700


Started GET "/assets/application.css?body=1" for 127.0.0.1 at 2014-10-10 22:40:41 -0700


Started GET "/assets/turbolinks.js?body=1" for 127.0.0.1 at 2014-10-10 22:40:41 -0700


Started GET "/assets/home.js?body=1" for 127.0.0.1 at 2014-10-10 22:40:41 -0700


Started GET "/assets/jquery.js?body=1" for 127.0.0.1 at 2014-10-10 22:40:41 -0700


Started GET "/" for 127.0.0.1 at 2014-10-10 22:44:02 -0700
Processing by HomeController#index as HTML
  Rendered home/index.html within layouts/application (0.1ms)
Completed 200 OK in 106ms (Views: 105.5ms | ActiveRecord: 0.0ms)


Started GET "/assets/_simpledone.css?body=1" for 127.0.0.1 at 2014-10-10 22:44:03 -0700


Started GET "/assets/home.css?body=1" for 127.0.0.1 at 2014-10-10 22:44:03 -0700


Started GET "/assets/application.css?body=1" for 127.0.0.1 at 2014-10-10 22:44:03 -0700


Started GET "/assets/_utilities.css?body=1" for 127.0.0.1 at 2014-10-10 22:44:03 -0700


Started GET "/assets/jquery.js?body=1" for 127.0.0.1 at 2014-10-10 22:44:03 -0700


Started GET "/assets/turbolinks.js?body=1" for 127.0.0.1 at 2014-10-10 22:44:03 -0700


Started GET "/assets/jquery_ujs.js?body=1" for 127.0.0.1 at 2014-10-10 22:44:03 -0700


Started GET "/assets/home.js?body=1" for 127.0.0.1 at 2014-10-10 22:44:03 -0700


Started GET "/assets/application.js?body=1" for 127.0.0.1 at 2014-10-10 22:44:03 -0700


Started GET "/" for 127.0.0.1 at 2014-10-10 22:45:40 -0700
Processing by HomeController#index as HTML
  Rendered home/index.html within layouts/application (0.1ms)
Completed 200 OK in 104ms (Views: 102.8ms | ActiveRecord: 0.0ms)


Started GET "/assets/_simpledone.css?body=1" for 127.0.0.1 at 2014-10-10 22:45:40 -0700


Started GET "/assets/_utilities.css?body=1" for 127.0.0.1 at 2014-10-10 22:45:41 -0700


Started GET "/assets/home.css?body=1" for 127.0.0.1 at 2014-10-10 22:45:41 -0700


Started GET "/assets/home.js?body=1" for 127.0.0.1 at 2014-10-10 22:45:41 -0700


Started GET "/assets/application.css?body=1" for 127.0.0.1 at 2014-10-10 22:45:41 -0700


Started GET "/assets/jquery.js?body=1" for 127.0.0.1 at 2014-10-10 22:45:41 -0700


Started GET "/assets/application.js?body=1" for 127.0.0.1 at 2014-10-10 22:45:41 -0700


Started GET "/assets/jquery_ujs.js?body=1" for 127.0.0.1 at 2014-10-10 22:45:41 -0700


Started GET "/assets/turbolinks.js?body=1" for 127.0.0.1 at 2014-10-10 22:45:41 -0700


Started GET "/" for 127.0.0.1 at 2014-10-10 22:45:59 -0700
Processing by HomeController#index as HTML
  Rendered home/index.html within layouts/application (0.1ms)
Completed 500 Internal Server Error in 5ms

ActionView::Template::Error (Illegal nesting: nesting within plain text is illegal.):
     9: %body
    10: 
    11:   <header>
    12:     <h1>SimpleDone</h1>
    13:   </header>
    14: 
    15:   = yield
  app/views/layouts/application.html.haml:12


  Rendered /Users/Brajeshwar/.rvm/gems/ruby-2.1.1/gems/actionpack-4.1.6/lib/action_dispatch/middleware/templates/rescues/_trace.html.erb (2.0ms)
  Rendered /Users/Brajeshwar/.rvm/gems/ruby-2.1.1/gems/actionpack-4.1.6/lib/action_dispatch/middleware/templates/rescues/_request_and_response.html.erb (1.4ms)
  Rendered /Users/Brajeshwar/.rvm/gems/ruby-2.1.1/gems/actionpack-4.1.6/lib/action_dispatch/middleware/templates/rescues/template_error.html.erb within rescues/layout (27.4ms)


Started GET "/" for 127.0.0.1 at 2014-10-10 22:46:04 -0700
Processing by HomeController#index as HTML
  Rendered home/index.html within layouts/application (0.5ms)
Completed 500 Internal Server Error in 6ms

ActionView::Template::Error (Illegal nesting: nesting within plain text is illegal.):
     9: %body
    10: 
    11:   <header>
    12:     <h1>SimpleDone</h1>
    13:   </header>
    14: 
    15:   = yield
  app/views/layouts/application.html.haml:12


  Rendered /Users/Brajeshwar/.rvm/gems/ruby-2.1.1/gems/actionpack-4.1.6/lib/action_dispatch/middleware/templates/rescues/_trace.html.erb (2.3ms)
  Rendered /Users/Brajeshwar/.rvm/gems/ruby-2.1.1/gems/actionpack-4.1.6/lib/action_dispatch/middleware/templates/rescues/_request_and_response.html.erb (1.3ms)
  Rendered /Users/Brajeshwar/.rvm/gems/ruby-2.1.1/gems/actionpack-4.1.6/lib/action_dispatch/middleware/templates/rescues/template_error.html.erb within rescues/layout (21.4ms)


Started GET "/" for 127.0.0.1 at 2014-10-10 22:46:41 -0700
Processing by HomeController#index as HTML
  Rendered home/index.html within layouts/application (0.1ms)
Completed 500 Internal Server Error in 5ms

ActionView::Template::Error (Illegal nesting: nesting within plain text is illegal.):
     9: %body
    10: 
    11:   <header>
    12:     <h1>SimpleDone</h1>
    13:   </header>
    14: 
    15:   = yield
  app/views/layouts/application.html.haml:12


  Rendered /Users/Brajeshwar/.rvm/gems/ruby-2.1.1/gems/actionpack-4.1.6/lib/action_dispatch/middleware/templates/rescues/_trace.html.erb (2.1ms)
  Rendered /Users/Brajeshwar/.rvm/gems/ruby-2.1.1/gems/actionpack-4.1.6/lib/action_dispatch/middleware/templates/rescues/_request_and_response.html.erb (2.0ms)
  Rendered /Users/Brajeshwar/.rvm/gems/ruby-2.1.1/gems/actionpack-4.1.6/lib/action_dispatch/middleware/templates/rescues/template_error.html.erb within rescues/layout (25.3ms)


Started GET "/" for 127.0.0.1 at 2014-10-10 22:47:55 -0700
Processing by HomeController#index as HTML
  Rendered home/index.html within layouts/application (0.1ms)
Completed 200 OK in 4ms (Views: 3.4ms | ActiveRecord: 0.0ms)


Started GET "/" for 127.0.0.1 at 2014-10-10 22:48:03 -0700
Processing by HomeController#index as HTML
  Rendered home/index.html within layouts/application (0.1ms)
Completed 200 OK in 4ms (Views: 3.3ms | ActiveRecord: 0.0ms)


Started GET "/" for 127.0.0.1 at 2014-10-10 22:48:19 -0700
Processing by HomeController#index as HTML
  Rendered home/index.html within layouts/application (0.1ms)
Completed 200 OK in 4ms (Views: 3.2ms | ActiveRecord: 0.0ms)


Started GET "/" for 127.0.0.1 at 2014-10-10 22:48:36 -0700
Processing by HomeController#index as HTML
  Rendered home/index.html within layouts/application (0.1ms)
Completed 200 OK in 6ms (Views: 3.8ms | ActiveRecord: 0.0ms)


Started GET "/" for 127.0.0.1 at 2014-10-10 22:48:54 -0700
Processing by HomeController#index as HTML
  Rendered home/index.html within layouts/application (0.1ms)
Completed 200 OK in 4ms (Views: 3.2ms | ActiveRecord: 0.0ms)


Started GET "/" for 127.0.0.1 at 2014-10-10 22:49:31 -0700
Processing by HomeController#index as HTML
  Rendered home/index.html within layouts/application (0.1ms)
Completed 200 OK in 3ms (Views: 2.8ms | ActiveRecord: 0.0ms)


Started GET "/" for 127.0.0.1 at 2014-10-10 22:49:34 -0700
Processing by HomeController#index as HTML
  Rendered home/index.html within layouts/application (0.1ms)
Completed 200 OK in 5ms (Views: 4.0ms | ActiveRecord: 0.0ms)


Started GET "/" for 127.0.0.1 at 2014-10-10 22:49:39 -0700
Processing by HomeController#index as HTML
  Rendered home/index.html within layouts/application (0.1ms)
Completed 200 OK in 6ms (Views: 4.7ms | ActiveRecord: 0.0ms)


Started GET "/" for 127.0.0.1 at 2014-10-10 22:49:43 -0700
Processing by HomeController#index as HTML
  Rendered home/index.html within layouts/application (0.1ms)
Completed 200 OK in 3ms (Views: 2.5ms | ActiveRecord: 0.0ms)


Started GET "/" for 127.0.0.1 at 2014-10-10 22:50:27 -0700
Processing by HomeController#index as HTML
  Rendered home/index.html within layouts/application (0.1ms)
Completed 200 OK in 4ms (Views: 3.3ms | ActiveRecord: 0.0ms)


Started GET "/" for 127.0.0.1 at 2014-10-10 22:50:38 -0700
Processing by HomeController#index as HTML
  Rendered home/index.html within layouts/application (0.1ms)
Completed 200 OK in 4ms (Views: 3.4ms | ActiveRecord: 0.0ms)


Started GET "/" for 127.0.0.1 at 2014-10-10 22:51:24 -0700
Processing by HomeController#index as HTML
  Rendered home/index.html within layouts/application (0.1ms)
Completed 200 OK in 4ms (Views: 3.5ms | ActiveRecord: 0.0ms)


Started GET "/assets/application.js" for 127.0.0.1 at 2014-10-10 22:51:24 -0700


Started GET "/" for 127.0.0.1 at 2014-10-10 22:51:33 -0700
Processing by HomeController#index as HTML
  Rendered home/index.html within layouts/application (0.1ms)
Completed 200 OK in 4ms (Views: 3.8ms | ActiveRecord: 0.0ms)


Started GET "/assets/application.js" for 127.0.0.1 at 2014-10-10 22:51:34 -0700


Started GET "/assets/application.js" for 127.0.0.1 at 2014-10-10 22:51:44 -0700


Started GET "/" for 127.0.0.1 at 2014-10-10 22:52:02 -0700
Processing by HomeController#index as HTML
  Rendered home/index.html within layouts/application (0.1ms)
Completed 200 OK in 5ms (Views: 3.7ms | ActiveRecord: 0.0ms)


Started GET "/assets/application.js" for 127.0.0.1 at 2014-10-10 22:52:03 -0700


Started GET "/" for 127.0.0.1 at 2014-10-10 22:52:26 -0700
Processing by HomeController#index as HTML
  Rendered home/index.html within layouts/application (0.1ms)
Completed 200 OK in 5ms (Views: 4.2ms | ActiveRecord: 0.0ms)


Started GET "/assets/application.css" for 127.0.0.1 at 2014-10-10 22:52:26 -0700


Started GET "/assets/application.js" for 127.0.0.1 at 2014-10-10 22:52:26 -0700


Started GET "/assets/application.css" for 127.0.0.1 at 2014-10-10 22:52:32 -0700


Started GET "/" for 127.0.0.1 at 2014-10-10 22:53:09 -0700
Processing by HomeController#index as HTML
  Rendered home/index.html within layouts/application (0.1ms)
Completed 200 OK in 6ms (Views: 5.0ms | ActiveRecord: 0.0ms)


Started GET "/assets/application.css" for 127.0.0.1 at 2014-10-10 22:53:10 -0700


Started GET "/assets/application.js" for 127.0.0.1 at 2014-10-10 22:53:10 -0700


Started GET "/" for 127.0.0.1 at 2014-10-10 22:53:27 -0700
Processing by HomeController#index as HTML
  Rendered home/index.html within layouts/application (0.1ms)
Completed 200 OK in 5ms (Views: 4.1ms | ActiveRecord: 0.0ms)


Started GET "/assets/application.css" for 127.0.0.1 at 2014-10-10 22:53:27 -0700


Started GET "/assets/application.js" for 127.0.0.1 at 2014-10-10 22:53:27 -0700


Started GET "/" for 127.0.0.1 at 2014-10-10 23:06:40 -0700
Processing by HomeController#index as HTML
  Rendered home/index.html within layouts/application (0.1ms)
Completed 200 OK in 5ms (Views: 4.1ms | ActiveRecord: 0.0ms)


Started GET "/assets/application.js" for 127.0.0.1 at 2014-10-10 23:06:40 -0700


Started GET "/assets/application.css" for 127.0.0.1 at 2014-10-10 23:06:40 -0700


Started GET "/" for 127.0.0.1 at 2014-10-10 23:08:56 -0700
Processing by HomeController#index as HTML
  Rendered home/index.html within layouts/application (0.1ms)
Completed 200 OK in 4ms (Views: 3.8ms | ActiveRecord: 0.0ms)


Started GET "/assets/application.css" for 127.0.0.1 at 2014-10-10 23:08:56 -0700


Started GET "/assets/application.js" for 127.0.0.1 at 2014-10-10 23:08:56 -0700
